  1010.c
  1011.c
  1012.c
  1013.c
  1014.c
  1015.c
  1017.c
  1018.c
  1019.c
  1020.c
  1021.c
  first.c
  코드를 생성하고 있습니다...
1002.obj : error LNK2005: main이(가) 1001.obj에 이미 정의되어 있습니다.
1003.obj : error LNK2005: main이(가) 1001.obj에 이미 정의되어 있습니다.
1004.obj : error LNK2005: main이(가) 1001.obj에 이미 정의되어 있습니다.
1005.obj : error LNK2005: main이(가) 1001.obj에 이미 정의되어 있습니다.
1006.obj : error LNK2005: main이(가) 1001.obj에 이미 정의되어 있습니다.
1007.obj : error LNK2005: main이(가) 1001.obj에 이미 정의되어 있습니다.
1008.obj : error LNK2005: main이(가) 1001.obj에 이미 정의되어 있습니다.
1010.obj : error LNK2005: main이(가) 1001.obj에 이미 정의되어 있습니다.
1011.obj : error LNK2005: main이(가) 1001.obj에 이미 정의되어 있습니다.
1012.obj : error LNK2005: main이(가) 1001.obj에 이미 정의되어 있습니다.
1013.obj : error LNK2005: main이(가) 1001.obj에 이미 정의되어 있습니다.
1014.obj : error LNK2005: main이(가) 1001.obj에 이미 정의되어 있습니다.
1015.obj : error LNK2005: main이(가) 1001.obj에 이미 정의되어 있습니다.
1017.obj : error LNK2005: main이(가) 1001.obj에 이미 정의되어 있습니다.
1018.obj : error LNK2005: main이(가) 1001.obj에 이미 정의되어 있습니다.
1019.obj : error LNK2005: main이(가) 1001.obj에 이미 정의되어 있습니다.
1020.obj : error LNK2005: main이(가) 1001.obj에 이미 정의되어 있습니다.
1021.obj : error LNK2005: main이(가) 1001.obj에 이미 정의되어 있습니다.
1101.obj : error LNK2005: main이(가) 1001.obj에 이미 정의되어 있습니다.
1102.obj : error LNK2005: main이(가) 1001.obj에 이미 정의되어 있습니다.
1103.obj : error LNK2005: main이(가) 1001.obj에 이미 정의되어 있습니다.
1106.obj : error LNK2005: main이(가) 1001.obj에 이미 정의되어 있습니다.
first.obj : error LNK2005: main이(가) 1001.obj에 이미 정의되어 있습니다.
C:\Users\user\c\codeup\CodeUp\CodeUp\x64\Debug\CodeUp.exe : fatal error LNK1169: 여러 번 정의된 기호가 있습니다.
